==============================================================================
HASH GATE
==============================================================================
  spectral_null.py       c8f356eaf686  OK
  ca1_v2.py              b18a329f5027  OK
  artifact_demo.py       a6d20715722c  OK
  ping_scaling_test.py   60ec67a98294  OK

  Python 3.13.12
  brian2 2.10.1 | numpy 2.5.1 | scipy 1.18.0


##############################################################################
## spectral_null.py
## validate the null test itself: false-positive rate and power
##############################################################################
==============================================================================
VALIDATION OF THE NULL TEST
==============================================================================
A test is validated by its ERROR RATES OVER MANY DATASETS, never by one
draw. At alpha = 0.05 a correct test rejects a true null 5% of the time;
seeing that happen once is not a bug, it is the definition. (An earlier
version of this file declared itself broken on exactly such a draw.)

FALSE-POSITIVE RATE — 40 independent datasets with NO gamma
  (constant-rate Poisson + 6 Hz theta; gamma content zero by construction)
    jitter  :  2/40 rejected =  5.0%  (nominal 5%)   raw prominence 5.63 dB vs null 5.63 dB
    poisson :  2/40 rejected =  5.0%  (nominal 5%)   raw prominence 5.63 dB vs null 5.56 dB

POWER — 20 datasets with a genuine 40 Hz rhythm
    jitter  : 20/20 detected = 100% power
    poisson : 20/20 detected = 100% power

==============================================================================
WHY THE TEST IS NEEDED — the null of the raw statistic
==============================================================================
  200 datasets with NO rhythm of any kind. An unbiased statistic
  would return ~0 dB. Peak prominence returns:
      mean 5.67 dB | sd 0.62 | 95th 6.75 | max 8.14
  => raw prominence below ~6.8 dB is not evidence of anything.

  CAUTION: passing this null is necessary and NOT sufficient. Harmonics of
  an imposed drive are non-random fast structure, so the surrogate calls
  them significant. Use test_rhythm(..., drive_hz=...) and read is_rhythm,
  not significant. See artifact_demo.py.
==============================================================================
   [spectral_null.py finished in 108s]

##############################################################################
## artifact_demo.py
## the artifacts, on synthetic data with NO network at all
##############################################################################
====================================================================================
E1  NULL OF THE PROMINENCE STATISTIC  (constant-rate Poisson; NO rhythm)
====================================================================================
  200 independent datasets containing NO rhythm whatsoever.
  An unbiased statistic would return ~0 dB. It returns:
      mean    5.62 dB
      sd      0.61 dB
      95th    6.63 dB
      max     7.74 dB

  => Any 'gamma prominence' below ~6.6 dB is not evidence.
     v1 of this preprint reported theta prominence of 6.6-7.5 dB and
     gamma prominence of 11.3-11.9 dB against an implicit null of 0 dB.
        a reported  5.0 dB is exceeded by  88.0% of NO-rhythm data
        a reported  6.9 dB is exceeded by   3.5% of NO-rhythm data
        a reported  7.5 dB is exceeded by   1.0% of NO-rhythm data
        a reported 11.5 dB is exceeded by   0.0% of NO-rhythm data

====================================================================================
E2  THETA HARMONICS MASQUERADING AS GAMMA  (6 Hz drive; gamma depth = 0)
====================================================================================
  Spike trains contain a 6 Hz modulation and NOTHING ELSE.
  Gamma-band content by construction: zero.

   depth  sharp  prom dB   null p    f_pk   k x 6Hz   null says  3 screens say
  ------------------------------------------------------------------------------
     0.0      1     5.18    0.787    66.3   11x6=66        0% sig    0% rhythm
     0.3      1     5.61    0.565    50.4    8x6=48       17% SIG   17% rhythm
     0.6      1     5.25    0.667    40.3    7x6=42        0% sig    0% rhythm
     0.9      1     5.52    0.533    45.0    7x6=42        0% sig    0% rhythm
     0.9      3     5.35    0.519    56.2    9x6=54        0% sig    0% rhythm
     0.9      6     5.63    0.560    54.7    9x6=54       17% SIG   17% rhythm
     0.9     10     5.28    0.558    47.6    8x6=48        0% sig    0% rhythm

  => At theta depth 0.3, sharpness 1, spike trains with ZERO gamma
     produce 5.6 dB of 'gamma prominence' and the SURROGATE NULL
     calls them significant in 17% of datasets.
     The harmonic screen rejects 83% of them.

  THIS IS THE POINT: a surrogate null is NECESSARY AND NOT SUFFICIENT.
  It asks 'is there non-random fast structure?'. Theta harmonics ARE
  non-random fast structure. They are real. They are not a rhythm.

====================================================================================
E3  THE SCREENS ARE COMPLEMENTARY, NOT REDUNDANT
====================================================================================
  case                        truth   prom      p   f_pk  null  edge  harm  VERDICT
  ----------------------------------------------------------------------------
  no rhythm at all            False   5.62  0.405   61.2    0%    0%    0% rejected  OK
  theta-locked, sigma=5 ms    False   5.69  0.584   33.6    0%    0%    0% rejected  OK
  GROUND-TRUTH 40 Hz gamma     True  28.99  0.000   40.0  100%    0%    0%   RHYTHM  OK
  GROUND-TRUTH 55 Hz gamma     True  23.64  0.000   55.1  100%    0%    0%   RHYTHM  OK

  The theta-locked row is the whole paper: it passes the null, it looks
  like gamma, and only the harmonic screen stops it. The ground-truth row
  proves the screen is not merely destroying everything: a REAL 40 Hz
  rhythm survives all four. Both statements require adequate frequency
  resolution -- at 2.5 s the screen killed the ground-truth rhythm too.

====================================================================================
No network was simulated in this file. These are properties of the
STATISTIC and of THETA-LOCKED SPIKING, not of any one implementation.
====================================================================================
   [artifact_demo.py finished in 239s]

##############################################################################
## ca1_v2.py
## the corrected CA1 microcircuit (~15-25 min)
##############################################################################
==============================================================================
VERSION FINGERPRINT  —  these must match on every machine
==============================================================================
  spectral_null.py       sha256[:12] = c8f356eaf686
  ca1_v2.py              sha256[:12] = b18a329f5027
  artifact_demo.py       sha256[:12] = a6d20715722c
  rate binning           = 1 ms
  nperseg                = 8192
  freq resolution df     = 0.122 Hz
  recording              = 21 s (minus 1 s transient)
  comb notch             = ON (drive harmonics excised before max)
  harmonic screen blocks = 6% of the gamma band
  N_surr                 = 2000
==============================================================================

============================================================================================
CA1 v2 — the corrected study
============================================================================================
per-type connectivity: p_ee=0.02 p_ei=0.2 p_ie=0.25 p_ii=0.2
drives (separately named): pyr=190. pA | int_LIF=120. pA | int_HH=240. pA
surrogates per test: 2000 (jitter) | network seeds: [100, 101, 102, 103, 104]

--------------------------------------------------------------------------------------------
PRE-FLIGHT (the two assertions v1 lacked)
--------------------------------------------------------------------------------------------
  LIF baseline
    connectivity self-check:
      E->E:    130 synapses | mean in-degree   1.62
      E->I:    327 synapses | mean in-degree  16.35
      I->E:    416 synapses | mean in-degree   5.20
      I->I:     73 synapses | mean in-degree   3.65
    firing self-check:
      pyramidal:   6.20 Hz
      interneuron:  32.25 Hz

  Sparsified -30% (uncompensated)
    connectivity self-check:
      E->E:    130 synapses | mean in-degree   1.62
      E->I:    327 synapses | mean in-degree  16.35
      I->E:    291 synapses | mean in-degree   3.64
      I->I:     73 synapses | mean in-degree   3.65
    firing self-check:
      pyramidal:   8.75 Hz
      interneuron:  43.01 Hz

  Sparsified -30% (drive-matched)
    connectivity self-check:
      E->E:    130 synapses | mean in-degree   1.62
      E->I:    327 synapses | mean in-degree  16.35
      I->E:    291 synapses | mean in-degree   3.64
      I->I:     73 synapses | mean in-degree   3.65
    firing self-check:
      pyramidal:   7.36 Hz
      interneuron:  37.73 Hz

  Hybrid (HH interneurons)
    connectivity self-check:
      E->E:    130 synapses | mean in-degree   1.62
      E->I:    327 synapses | mean in-degree  16.35
      I->E:    416 synapses | mean in-degree   5.20
      I->I:     73 synapses | mean in-degree   3.65
    firing self-check:
      pyramidal:   2.89 Hz
      interneuron:  42.64 Hz

  Scaled 4x (drive-matched)
    connectivity self-check:
      E->E:   2123 synapses | mean in-degree   6.63
      E->I:   5161 synapses | mean in-degree  64.51
      I->E:   6497 synapses | mean in-degree  20.30
      I->I:   1210 synapses | mean in-degree  15.12
    firing self-check:
      pyramidal:   5.34 Hz
      interneuron:  26.34 Hz

--------------------------------------------------------------------------------------------
RESULTS — rhythms tested against a surrogate null, NOT raw dB
--------------------------------------------------------------------------------------------
condition                    rate_E rate_I cost(s)  theta p  gamma p gamma dB null dB  verdict
----------------------------------------------------------------------------------------------
LIF baseline                    6.5   34.3    14.6    0.000    0.011     8.51    6.68  GAMMA | THETA
Sparsified -30% (uncompensated)    8.8   43.2    14.8    0.000    0.073     7.64    6.67  no gamma | THETA
Sparsified -30% (drive-matched)    7.4   37.8    14.6    0.000    0.133     7.55    6.65  no gamma | THETA
Hybrid (HH interneurons)        3.0   42.2    35.0    0.000    0.103     7.45    6.54  no gamma | THETA
Scaled 4x (drive-matched)       5.6   26.3    17.3    0.000    0.001     9.51    6.83  GAMMA | THETA

============================================================================================
READ THIS BEFORE WRITING ANYTHING
============================================================================================
  The null of the prominence statistic is ~6.7 dB.
  Any 'prominence' at or below that number is NOT evidence of a rhythm —
  it is the statistic measuring its own bias. v1 reported theta at 6.6-7.5 dB.

  Gamma survives the null in at least one condition. Report the p, not the dB,
  and check that its peak frequency scales with tau_GABA before calling it PING.
============================================================================================
   [ca1_v2.py finished in 786s]

##############################################################################
## ping_scaling_test.py
## the only check that CONFIRMS rather than rejects (~20-30 min)
##############################################################################
==============================================================================
VERSION FINGERPRINT  —  these must match on every machine
==============================================================================
  spectral_null.py       sha256[:12] = c8f356eaf686
  ca1_v2.py              sha256[:12] = b18a329f5027
  artifact_demo.py       sha256[:12] = a6d20715722c
  freq resolution df     = 0.122 Hz
  recording              = 21 s
  comb notch             = ON
  tau_GABA sweep         = [2, 5, 10, 20] ms
  N_surr                 = 1000
==============================================================================

========================================================================================
PING SCALING TEST — the check that is an experiment, not a statistic
========================================================================================
PING requires the peak frequency to fall roughly as 1/tau_GABA, because
inhibitory decay sets the cycle period. A drive harmonic, a statistical
fluctuation, and a resonance set by any other time constant will not move.

----------------------------------------------------------------------------------------
LIF baseline
----------------------------------------------------------------------------------------
   tau_GABA   rate_E   rate_I   gamma p    prom   null    PEAK   per-seed peaks
        2ms      8.9     59.1     0.588    6.87   6.73    37.7   [37.7, 55.3, 35.3]
        5ms      6.0     32.5     0.011    8.70   6.69    49.1   [49.1, 41.0, 50.2]
       10ms      4.8     21.0     0.027    7.97   6.53    35.2   [33.1, 45.4, 35.2]
       20ms      4.3     14.5     0.418    6.85   6.45    38.7   [38.7, 54.6, 33.3]

  tau_GABA changed by 10x  (2 -> 20 ms)
  peak frequency changed by 0.97x  (37.7 -> 38.7 Hz, i.e. 1.0 Hz)
  => PEAK DOES NOT SCALE. NOT PING. Whatever this peak is, it is not
     the excitatory-inhibitory loop oscillating. No claim of emergent
     gamma is warranted, regardless of how many screens it passed.

----------------------------------------------------------------------------------------
Scaled 4x
----------------------------------------------------------------------------------------
   tau_GABA   rate_E   rate_I   gamma p    prom   null    PEAK   per-seed peaks
        2ms      8.4     54.9     0.163    7.45   6.79    55.2   [61.4, 55.2, 53.3]
        5ms      5.5     26.3     0.003    9.46   6.83    43.5   [41.5, 43.5, 55.5]
       10ms      4.3     14.7     0.001   10.52   6.83    34.3   [34.3, 32.7, 40.0]
       20ms      3.5      8.3     0.001    9.75   6.53    32.3   [32.3, 31.5, 33.3]

  tau_GABA changed by 10x  (2 -> 20 ms)
  peak frequency changed by 1.71x  (55.2 -> 32.3 Hz, i.e. 22.8 Hz)
  => PEAK DOES NOT SCALE. NOT PING. Whatever this peak is, it is not
     the excitatory-inhibitory loop oscillating. No claim of emergent
     gamma is warranted, regardless of how many screens it passed.

========================================================================================
Screens can only reject. This is the only check that can confirm — and it
is the only one that requires re-running the model rather than re-analysing
a spectrum. That is not an inconvenience. That is the point.
========================================================================================
   [ping_scaling_test.py finished in 1084s]

==============================================================================
DONE. Everything above is in: results_20260713_095942.log

Read these four lines before anything else:
  1. spectral_null   -> false positives should be 0-3/40, power 20/20.
  2. artifact_demo   -> E3 ground-truth 40 Hz must be found AT 40.0 Hz.
  3. ca1_v2          -> theta p < 0.001 in ALL five conditions (positive control).
  4. ping_scaling    -> does the peak move with tau_GABA? That is the paper.
==============================================================================
