==============================================================================
HASH GATE
==============================================================================
  spectral_null.py       c8f356eaf686  OK
  ca1_v2.py              b18a329f5027  OK
  artifact_demo.py       a6d20715722c  OK
  ping_scaling_test.py   fc7e04e9eb15  OK

  Python 3.13.12
  brian2 2.10.1 | numpy 2.5.1 | scipy 1.18.0


##############################################################################
## ping_scaling_test.py
## PING scaling: period vs tau_GABA regression (~30-40 min)
##############################################################################
==============================================================================
VERSION FINGERPRINT  —  these must match on every machine
==============================================================================
  spectral_null.py       sha256[:12] = c8f356eaf686
  ca1_v2.py              sha256[:12] = b18a329f5027
  artifact_demo.py       sha256[:12] = a6d20715722c
  freq resolution df     = 0.122 Hz
  recording              = 21 s
  comb notch             = ON
  tau_GABA sweep         = [2, 3, 4, 6, 8, 12, 16, 24] ms
  N_surr                 = 1000
==============================================================================

========================================================================================
PING SCALING TEST — the check that is an experiment, not a statistic
========================================================================================
PING requires the peak frequency to fall roughly as 1/tau_GABA, because
inhibitory decay sets the cycle period. A drive harmonic, a statistical
fluctuation, and a resonance set by any other time constant will not move.

----------------------------------------------------------------------------------------
LIF baseline
----------------------------------------------------------------------------------------
   tau_GABA   rate_E   rate_I   gamma p    prom   null    PEAK   per-seed peaks
        2ms      8.9     59.1     0.588    6.87   6.73    37.7   [37.7, 55.3, 35.3]
        3ms      7.4     45.3     0.148    7.44   6.69    40.4   [50.7, 39.6, 40.4]
        4ms      6.5     37.6     0.034    8.33   6.69    40.5   [40.5, 40.8, 40.3]
        6ms      5.6     28.8     0.006    8.59   6.67    33.8   [33.8, 38.1, 31.9]
        8ms      5.2     24.0     0.002    8.77   6.60    38.0   [43.2, 38.0, 31.0]
       12ms      4.7     18.9     0.051    7.92   6.53    38.1   [44.7, 38.1, 33.2]
       16ms      4.4     16.1     0.325    6.86   6.49    36.9   [48.8, 36.9, 36.7]
       24ms      4.3     13.3     0.305    6.66   6.43    37.5   [32.6, 45.9, 37.5]

  PING prediction:  period = fixed_delay + k * tau_GABA
  fitted:           period = 26.1 + 0.042 * tau_GABA   (ms)
  slope  = +0.042 +/- 0.081   R^2 = 0.044   p = 0.6197
  frequency monotonically decreasing: False

  => NO CONSISTENT DEPENDENCE ON tau_GABA. NOT PING. Whatever this peak
     is, it is not the excitatory-inhibitory loop oscillating, and no
     claim of emergent gamma is warranted -- however many screens it
     passed. Screens reject; only this test confirms.

----------------------------------------------------------------------------------------
Scaled 4x
----------------------------------------------------------------------------------------
   tau_GABA   rate_E   rate_I   gamma p    prom   null    PEAK   per-seed peaks
        2ms      8.4     54.9     0.163    7.45   6.79    55.2   [61.4, 55.2, 53.3]
        3ms      6.8     39.9     0.021    8.27   6.79    61.3   [61.3, 51.8, 61.6]
        4ms      6.0     31.6     0.007    8.81   6.82    49.8   [49.8, 46.4, 53.2]
        6ms      5.2     22.6     0.003    9.37   6.86    44.7   [41.5, 46.1, 44.7]
        8ms      4.7     17.7     0.001   10.21   6.85    36.7   [36.7, 35.4, 46.0]
       12ms      4.1     12.7     0.001   11.02   6.79    37.8   [38.2, 32.6, 37.8]
       16ms      3.8     10.0     0.001   11.20   6.67    31.9   [34.4, 31.9, 30.9]
       24ms      3.3      7.2     0.009    8.46   6.47    36.7   [37.0, 31.0, 36.7]

  PING prediction:  period = fixed_delay + k * tau_GABA
  fitted:           period = 18.6 + 0.539 * tau_GABA   (ms)
  slope  = +0.539 +/- 0.176   R^2 = 0.610   p = 0.0221
  frequency monotonically decreasing: False

  => NO CONSISTENT DEPENDENCE ON tau_GABA. NOT PING. Whatever this peak
     is, it is not the excitatory-inhibitory loop oscillating, and no
     claim of emergent gamma is warranted -- however many screens it
     passed. Screens reject; only this test confirms.

========================================================================================
Screens can only reject. This is the only check that can confirm — and it
is the only one that requires re-running the model rather than re-analysing
a spectrum. That is not an inconvenience. That is the point.
========================================================================================
   [ping_scaling_test.py finished in 2925s]

==============================================================================
DONE. Everything above is in: results_20260713_105540.log

Read these four lines before anything else:
  1. spectral_null   -> false positives should be 0-3/40, power 20/20.
  2. artifact_demo   -> E3 ground-truth 40 Hz must be found AT 40.0 Hz.
  3. ca1_v2          -> theta p < 0.001 in ALL five conditions (positive control).
  4. ping_scaling    -> does the peak move with tau_GABA? That is the paper.
==============================================================================
